
[2025-04-29 09:41:14] SUCCESS: App\Jobs\SampleJob::handle with params (param1, param2)
[2025-04-29 09:41:14] SUCCESS: App\Jobs\ChainedJob::handle with params (next1,next2)
[2025-04-29 09:41:38] SUCCESS: App\Jobs\SampleJob::handle with params (param1, param)
[2025-04-29 09:41:38] SUCCESS: App\Jobs\ChainedJob::handle with params (next1,next2)
[2025-04-29 09:43:26] FAILURE: App\Jobs\SampleJob::handle | RuntimeException | Intentional failure.
[2025-04-29 09:43:26] Retrying App\Jobs\SampleJob::handle (Attempt 1)
[2025-04-29 09:43:28] FAILURE: App\Jobs\SampleJob::handle | RuntimeException | Intentional failure.
[2025-04-29 09:43:28] Retrying App\Jobs\SampleJob::handle (Attempt 2)
[2025-04-29 09:43:30] FAILURE: App\Jobs\SampleJob::handle | RuntimeException | Intentional failure.
[2025-04-29 12:04:29] SUCCESS: App\Jobs\SampleJob::handle with params (param1, param)
[2025-04-29 12:04:29] SUCCESS: App\Jobs\ChainedJob::handle with params (next1,next2)
[2025-04-29 12:04:52] SUCCESS: App\Jobs\SampleJob::handle with params (param1, test)
[2025-04-29 12:04:52] SUCCESS: App\Jobs\ChainedJob::handle with params (next1,next2)
[2025-04-29 12:05:07] FAILURE: App\Jobs\SampleJob::handle | RuntimeException | Intentional failure.
[2025-04-29 12:05:07] Retrying App\Jobs\SampleJob::handle (Attempt 1)
[2025-04-29 12:05:09] FAILURE: App\Jobs\SampleJob::handle | RuntimeException | Intentional failure.
[2025-04-29 12:05:09] Retrying App\Jobs\SampleJob::handle (Attempt 2)
[2025-04-29 12:05:11] FAILURE: App\Jobs\SampleJob::handle | RuntimeException | Intentional failure.
[2025-04-29 12:05:20] FAILURE: App\Jobs\SampleJob::handle | ArgumentCountError | Too few arguments to function App\Jobs\SampleJob::handle(), 0 passed and exactly 2 expected
[2025-04-29 12:05:56] FAILURE: App\Jobs\SampleJob::handle | ArgumentCountError | Too few arguments to function App\Jobs\SampleJob::handle(), 1 passed and exactly 2 expected
[2025-04-29 12:06:06] SUCCESS: App\Jobs\SampleJob::handle with params (1,2)
[2025-04-29 12:06:07] SUCCESS: App\Jobs\ChainedJob::handle with params (next1,next2)
